<?xml version="1.0" encoding="UTF-8"?>
<!-- Generated by org.testng.reporters.JUnitReportReporter -->
<testsuite skipped="0" hostname="DESKTOP-5DNG8CK" name="com.Appium.Install_App_DragAndDrop" tests="1" failures="0" timestamp="22 Oct 2020 06:56:52 GMT" time="18.161" errors="0">
  <testcase name="DragAndDrop" time="18.161" classname="com.Appium.Install_App_DragAndDrop"/>
</testsuite> <!-- com.Appium.Install_App_DragAndDrop -->
