<?xml version="1.0" encoding="UTF-8"?>
<!-- Generated by org.testng.reporters.JUnitReportReporter -->
<testsuite skipped="0" hostname="DESKTOP-5DNG8CK" name="com.gestures.DragAndDrop" tests="1" failures="0" timestamp="23 Oct 2020 13:09:19 GMT" time="17.290" errors="0">
  <testcase name="tapping" time="17.290" classname="com.gestures.DragAndDrop"/>
</testsuite> <!-- com.gestures.DragAndDrop -->
