<?xml version="1.0" encoding="UTF-8"?>
<!-- Generated by org.testng.reporters.JUnitReportReporter -->
<testsuite skipped="0" hostname="DESKTOP-5DNG8CK" name="com.gestures.VoonikSendKeys" tests="1" failures="0" timestamp="24 Oct 2020 07:38:01 GMT" time="17.280" errors="0">
  <testcase name="VoonikOpenMore" time="17.280" classname="com.gestures.VoonikSendKeys"/>
</testsuite> <!-- com.gestures.VoonikSendKeys -->
