<?xml version="1.0" encoding="UTF-8"?>
<!-- Generated by org.testng.reporters.JUnitReportReporter -->
<testsuite skipped="0" hostname="DESKTOP-5DNG8CK" name="com.Appium.Methods.NotificationReminder" tests="1" failures="0" timestamp="26 Oct 2020 07:21:16 GMT" time="18.818" errors="0">
  <testcase name="notification" time="18.818" classname="com.Appium.Methods.NotificationReminder"/>
</testsuite> <!-- com.Appium.Methods.NotificationReminder -->
