<?xml version="1.0" encoding="UTF-8"?>
<!-- Generated by org.testng.reporters.JUnitReportReporter -->
<testsuite skipped="0" hostname="DESKTOP-5DNG8CK" name="com.gestures.DragAndDrop2" tests="1" failures="0" timestamp="23 Oct 2020 13:28:34 GMT" time="21.706" errors="0">
  <testcase name="apiDemoDarkTheme" time="21.706" classname="com.gestures.DragAndDrop2"/>
</testsuite> <!-- com.gestures.DragAndDrop2 -->
