<?xml version="1.0" encoding="UTF-8"?>
<!-- Generated by org.testng.reporters.JUnitReportReporter -->
<testsuite skipped="0" hostname="DESKTOP-5DNG8CK" name="com.Appium.Methods.APIDemos" tests="1" failures="0" timestamp="26 Oct 2020 07:33:43 GMT" time="11.403" errors="0">
  <testcase name="apiDemos" time="11.403" classname="com.Appium.Methods.APIDemos"/>
</testsuite> <!-- com.Appium.Methods.APIDemos -->
