<?xml version="1.0" encoding="UTF-8"?>
<!-- Generated by org.testng.reporters.JUnitReportReporter -->
<testsuite skipped="0" hostname="DESKTOP-5DNG8CK" name="com.gestures.MultiTouch" tests="1" failures="0" timestamp="24 Oct 2020 10:47:29 GMT" time="17.659" errors="0">
  <testcase name="multitouch" time="17.659" classname="com.gestures.MultiTouch"/>
</testsuite> <!-- com.gestures.MultiTouch -->
