<?xml version="1.0" encoding="UTF-8"?>
<!-- Generated by org.testng.reporters.JUnitReportReporter -->
<testsuite skipped="0" hostname="DESKTOP-5DNG8CK" name="com.Appium.VoonikOpenThroughUIAutomator" tests="1" failures="0" timestamp="22 Oct 2020 10:19:02 GMT" time="15.447" errors="0">
  <testcase name="VoonikOpenMore" time="15.447" classname="com.Appium.VoonikOpenThroughUIAutomator"/>
</testsuite> <!-- com.Appium.VoonikOpenThroughUIAutomator -->
