<?xml version="1.0" encoding="UTF-8"?>
<!-- Generated by org.testng.reporters.JUnitReportReporter -->
<testsuite skipped="0" hostname="DESKTOP-5DNG8CK" name="com.gestures.Swipe" tests="1" failures="0" timestamp="23 Oct 2020 07:02:47 GMT" time="19.880" errors="0">
  <testcase name="swipe" time="19.880" classname="com.gestures.Swipe"/>
</testsuite> <!-- com.gestures.Swipe -->
