<?xml version="1.0" encoding="UTF-8"?>
<!-- Generated by org.testng.reporters.JUnitReportReporter -->
<testsuite skipped="0" hostname="DESKTOP-5DNG8CK" name="com.Appium.Methods.KeyCode" tests="1" failures="0" timestamp="26 Oct 2020 06:41:19 GMT" time="16.257" errors="0">
  <testcase name="keyCode" time="16.257" classname="com.Appium.Methods.KeyCode"/>
</testsuite> <!-- com.Appium.Methods.KeyCode -->
