<?xml version="1.0" encoding="UTF-8"?>
<!-- Generated by org.testng.reporters.JUnitReportReporter -->
<testsuite skipped="0" hostname="DESKTOP-5DNG8CK" name="com.gestures.ScrollingForMore" tests="1" failures="0" timestamp="24 Oct 2020 07:14:27 GMT" time="22.623" errors="0">
  <testcase name="scrollingVoonik" time="22.623" classname="com.gestures.ScrollingForMore"/>
</testsuite> <!-- com.gestures.ScrollingForMore -->
