<?xml version="1.0" encoding="UTF-8"?>
<!-- Generated by org.testng.reporters.JUnitReportReporter -->
<testsuite skipped="0" hostname="DESKTOP-5DNG8CK" name="com.gestures.Zoom" tests="1" failures="0" timestamp="24 Oct 2020 10:17:25 GMT" time="17.198" errors="0">
  <testcase name="zoominAndOut" time="17.198" classname="com.gestures.Zoom"/>
</testsuite> <!-- com.gestures.Zoom -->
