<?xml version="1.0" encoding="UTF-8"?>
<!-- Generated by org.testng.reporters.JUnitReportReporter -->
<testsuite skipped="0" hostname="DESKTOP-5DNG8CK" name="com.gestures.ScrollByswipe" tests="1" failures="0" timestamp="24 Oct 2020 06:52:13 GMT" time="19.395" errors="0">
  <testcase name="scrollbySwipe" time="19.395" classname="com.gestures.ScrollByswipe"/>
</testsuite> <!-- com.gestures.ScrollByswipe -->
