<?xml version="1.0" encoding="UTF-8"?>
<!-- Generated by org.testng.reporters.JUnitReportReporter -->
<testsuite skipped="0" hostname="DESKTOP-5DNG8CK" name="com.gestures.MutliTouch3fingers" tests="1" failures="0" timestamp="24 Oct 2020 11:05:10 GMT" time="12.640" errors="0">
  <testcase name="multiTouch3" time="12.640" classname="com.gestures.MutliTouch3fingers"/>
</testsuite> <!-- com.gestures.MutliTouch3fingers -->
