<?xml version="1.0" encoding="UTF-8"?>
<!-- Generated by org.testng.reporters.JUnitReportReporter -->
<testsuite skipped="0" hostname="DESKTOP-5DNG8CK" name="com.Appium.Methods.UninstallApp" tests="1" failures="0" timestamp="26 Oct 2020 08:09:39 GMT" time="13.456" errors="0">
  <testcase name="VoonikOpenMore" time="13.456" classname="com.Appium.Methods.UninstallApp"/>
</testsuite> <!-- com.Appium.Methods.UninstallApp -->
