<?xml version="1.0" encoding="UTF-8"?>
<!-- Generated by org.testng.reporters.JUnitReportReporter -->
<testsuite skipped="0" hostname="DESKTOP-5DNG8CK" name="com.Appium.OpenCalculator" tests="1" failures="0" timestamp="22 Oct 2020 06:42:20 GMT" time="15.807" errors="0">
  <testcase name="OpenCalcu" time="15.807" classname="com.Appium.OpenCalculator"/>
</testsuite> <!-- com.Appium.OpenCalculator -->
