<?xml version="1.0" encoding="UTF-8"?>
<!-- Generated by org.testng.reporters.JUnitReportReporter -->
<testsuite skipped="0" hostname="DESKTOP-5DNG8CK" name="com.Appium.Methods.Orientation" tests="1" failures="0" timestamp="26 Oct 2020 07:58:49 GMT" time="20.637" errors="0">
  <testcase name="openOrientation" time="20.637" classname="com.Appium.Methods.Orientation"/>
</testsuite> <!-- com.Appium.Methods.Orientation -->
