<?xml version="1.0" encoding="UTF-8"?>
<!-- Generated by org.testng.reporters.JUnitReportReporter -->
<testsuite skipped="0" hostname="DESKTOP-5DNG8CK" name="com.gestures.DropDown" tests="1" failures="0" timestamp="24 Oct 2020 08:20:26 GMT" time="47.813" errors="0">
  <testcase name="apiDemoDarkTheme" time="47.813" classname="com.gestures.DropDown"/>
</testsuite> <!-- com.gestures.DropDown -->
