<?xml version="1.0" encoding="UTF-8"?>
<!-- Generated by org.testng.reporters.JUnitReportReporter -->
<testsuite skipped="0" hostname="DESKTOP-5DNG8CK" name="com.gestures.Tap" tests="1" failures="0" timestamp="23 Oct 2020 18:09:21 GMT" time="16.832" errors="0">
  <testcase name="tapping" time="16.832" classname="com.gestures.Tap"/>
</testsuite> <!-- com.gestures.Tap -->
