<?xml version="1.0" encoding="UTF-8"?>
<!-- Generated by org.testng.reporters.JUnitReportReporter -->
<testsuite skipped="0" hostname="DESKTOP-5DNG8CK" name="com.Appium.OpenApiDemoApp" tests="1" failures="0" timestamp="22 Oct 2020 09:00:18 GMT" time="12.647" errors="0">
  <testcase name="ApiDemo" time="12.647" classname="com.Appium.OpenApiDemoApp"/>
</testsuite> <!-- com.Appium.OpenApiDemoApp -->
