<?xml version="1.0" encoding="UTF-8"?>
<!-- Generated by org.testng.reporters.JUnitReportReporter -->
<testsuite skipped="0" hostname="DESKTOP-5DNG8CK" name="com.Appium.OpenVoonik" tests="1" failures="0" timestamp="22 Oct 2020 07:38:47 GMT" time="11.780" errors="0">
  <testcase name="OpenCalcu" time="11.780" classname="com.Appium.OpenVoonik"/>
</testsuite> <!-- com.Appium.OpenVoonik -->
