<?xml version="1.0" encoding="UTF-8"?>
<!-- Generated by org.testng.reporters.JUnitReportReporter -->
<testsuite skipped="0" hostname="DESKTOP-5DNG8CK" name="com.gestures.ScrollingAction" tests="1" failures="0" timestamp="24 Oct 2020 06:24:47 GMT" time="23.194" errors="0">
  <testcase name="scroll" time="23.194" classname="com.gestures.ScrollingAction"/>
</testsuite> <!-- com.gestures.ScrollingAction -->
