<?xml version="1.0" encoding="UTF-8"?>
<!-- Generated by org.testng.reporters.JUnitReportReporter -->
<testsuite skipped="0" hostname="DESKTOP-5DNG8CK" name="com.Appium.Install_app" tests="1" failures="0" timestamp="22 Oct 2020 06:51:04 GMT" time="20.492" errors="0">
  <testcase name="Install" time="20.492" classname="com.Appium.Install_app"/>
</testsuite> <!-- com.Appium.Install_app -->
